[1.013s] Invoking command in '/home/rohan/turtlebot3_ws/src/navigation_pkg': PYTHONPATH=/home/rohan/turtlebot3_ws/build/navigation_pkg/prefix_override:/usr/lib/python3/dist-packages/colcon_core/task/python/colcon_distutils_commands:/home/rohan/turtlebot3_ws/install/navigation_pkg/lib/python3.10/site-packages:${PYTHONPATH} /usr/bin/python3 -W ignore:setup.py install is deprecated -W ignore:easy_install command is deprecated setup.py egg_info --egg-base ../../build/navigation_pkg build --build-base /home/rohan/turtlebot3_ws/build/navigation_pkg/build install --record /home/rohan/turtlebot3_ws/build/navigation_pkg/install.log --single-version-externally-managed install_data
[1.199s] running egg_info
[1.200s] creating ../../build/navigation_pkg/navigation_pkg.egg-info
[1.200s] writing ../../build/navigation_pkg/navigation_pkg.egg-info/PKG-INFO
[1.200s] writing dependency_links to ../../build/navigation_pkg/navigation_pkg.egg-info/dependency_links.txt
[1.200s] writing entry points to ../../build/navigation_pkg/navigation_pkg.egg-info/entry_points.txt
[1.201s] writing requirements to ../../build/navigation_pkg/navigation_pkg.egg-info/requires.txt
[1.201s] writing top-level names to ../../build/navigation_pkg/navigation_pkg.egg-info/top_level.txt
[1.201s] writing manifest file '../../build/navigation_pkg/navigation_pkg.egg-info/SOURCES.txt'
[1.203s] reading manifest file '../../build/navigation_pkg/navigation_pkg.egg-info/SOURCES.txt'
[1.204s] writing manifest file '../../build/navigation_pkg/navigation_pkg.egg-info/SOURCES.txt'
[1.204s] running build
[1.204s] running build_py
[1.205s] creating /home/rohan/turtlebot3_ws/build/navigation_pkg/build
[1.205s] creating /home/rohan/turtlebot3_ws/build/navigation_pkg/build/lib
[1.205s] creating /home/rohan/turtlebot3_ws/build/navigation_pkg/build/lib/navigation_pkg
[1.205s] copying navigation_pkg/__init__.py -> /home/rohan/turtlebot3_ws/build/navigation_pkg/build/lib/navigation_pkg
[1.205s] running install
[1.205s] running install_lib
[1.206s] creating /home/rohan/turtlebot3_ws/install/navigation_pkg/lib/python3.10/site-packages/navigation_pkg
[1.206s] copying /home/rohan/turtlebot3_ws/build/navigation_pkg/build/lib/navigation_pkg/__init__.py -> /home/rohan/turtlebot3_ws/install/navigation_pkg/lib/python3.10/site-packages/navigation_pkg
[1.207s] byte-compiling /home/rohan/turtlebot3_ws/install/navigation_pkg/lib/python3.10/site-packages/navigation_pkg/__init__.py to __init__.cpython-310.pyc
[1.207s] running install_data
[1.207s] creating /home/rohan/turtlebot3_ws/install/navigation_pkg/share/ament_index
[1.207s] creating /home/rohan/turtlebot3_ws/install/navigation_pkg/share/ament_index/resource_index
[1.208s] creating /home/rohan/turtlebot3_ws/install/navigation_pkg/share/ament_index/resource_index/packages
[1.208s] copying resource/navigation_pkg -> /home/rohan/turtlebot3_ws/install/navigation_pkg/share/ament_index/resource_index/packages
[1.208s] copying package.xml -> /home/rohan/turtlebot3_ws/install/navigation_pkg/share/navigation_pkg
[1.208s] running install_egg_info
[1.210s] Copying ../../build/navigation_pkg/navigation_pkg.egg-info to /home/rohan/turtlebot3_ws/install/navigation_pkg/lib/python3.10/site-packages/navigation_pkg-0.0.0-py3.10.egg-info
[1.211s] running install_scripts
[1.229s] writing list of installed files to '/home/rohan/turtlebot3_ws/build/navigation_pkg/install.log'
[1.259s] Invoked command in '/home/rohan/turtlebot3_ws/src/navigation_pkg' returned '0': PYTHONPATH=/home/rohan/turtlebot3_ws/build/navigation_pkg/prefix_override:/usr/lib/python3/dist-packages/colcon_core/task/python/colcon_distutils_commands:/home/rohan/turtlebot3_ws/install/navigation_pkg/lib/python3.10/site-packages:${PYTHONPATH} /usr/bin/python3 -W ignore:setup.py install is deprecated -W ignore:easy_install command is deprecated setup.py egg_info --egg-base ../../build/navigation_pkg build --build-base /home/rohan/turtlebot3_ws/build/navigation_pkg/build install --record /home/rohan/turtlebot3_ws/build/navigation_pkg/install.log --single-version-externally-managed install_data
